

times in msec
 clock   self+sourced   self:  sourced script
 clock   elapsed:              other lines

000.010  000.010: --- NVIM STARTING ---
001.098  001.089: locale set
009.571  008.473: inits 1
009.606  000.035: window checked
009.613  000.007: parsing arguments
009.972  000.358: expanding arguments
010.051  000.079: inits 2
010.522  000.471: init highlight
010.523  000.002: waiting for UI
014.070  003.547: done waiting for UI
014.092  000.021: init screen for UI
029.793  010.123  010.123: sourcing /Users/melaneyzhu/.local/share/nvim/site/pack/packer/start/nightfox.nvim/colors/nordfox.vim
064.195  049.523  039.400: sourcing /Users/melaneyzhu/.config/nvim/init.lua
064.223  000.609: sourcing vimrc file(s)
072.453  008.067  008.067: sourcing /usr/local/Cellar/neovim/0.5.1/share/nvim/runtime/filetype.vim
073.075  000.052  000.052: sourcing /usr/local/Cellar/neovim/0.5.1/share/nvim/runtime/ftplugin.vim
073.669  000.051  000.051: sourcing /usr/local/Cellar/neovim/0.5.1/share/nvim/runtime/indent.vim
074.732  000.208  000.208: sourcing /usr/local/Cellar/neovim/0.5.1/share/nvim/runtime/syntax/syncolor.vim
075.258  000.893  000.686: sourcing /usr/local/Cellar/neovim/0.5.1/share/nvim/runtime/syntax/synload.vim
075.365  001.163  000.270: sourcing /usr/local/Cellar/neovim/0.5.1/share/nvim/runtime/syntax/syntax.vim
079.328  000.244  000.244: sourcing /usr/local/Cellar/neovim/0.5.1/share/nvim/runtime/plugin/gzip.vim
079.451  000.023  000.023: sourcing /usr/local/Cellar/neovim/0.5.1/share/nvim/runtime/plugin/health.vim
079.621  000.085  000.085: sourcing /usr/local/Cellar/neovim/0.5.1/share/nvim/runtime/plugin/man.vim
081.339  000.221  000.221: sourcing /usr/local/Cellar/neovim/0.5.1/share/nvim/runtime/pack/dist/opt/matchit/plugin/matchit.vim
081.591  001.882  001.661: sourcing /usr/local/Cellar/neovim/0.5.1/share/nvim/runtime/plugin/matchit.vim
081.869  000.190  000.190: sourcing /usr/local/Cellar/neovim/0.5.1/share/nvim/runtime/plugin/matchparen.vim
082.407  000.446  000.446: sourcing /usr/local/Cellar/neovim/0.5.1/share/nvim/runtime/plugin/netrwPlugin.vim
082.886  000.018  000.018: sourcing /Users/melaneyzhu/.local/share/nvim/rplugin.vim
082.897  000.382  000.363: sourcing /usr/local/Cellar/neovim/0.5.1/share/nvim/runtime/plugin/rplugin.vim
083.116  000.127  000.127: sourcing /usr/local/Cellar/neovim/0.5.1/share/nvim/runtime/plugin/shada.vim
083.262  000.040  000.040: sourcing /usr/local/Cellar/neovim/0.5.1/share/nvim/runtime/plugin/spellfile.vim
083.528  000.167  000.167: sourcing /usr/local/Cellar/neovim/0.5.1/share/nvim/runtime/plugin/tarPlugin.vim
083.752  000.117  000.117: sourcing /usr/local/Cellar/neovim/0.5.1/share/nvim/runtime/plugin/tohtml.vim
083.884  000.034  000.034: sourcing /usr/local/Cellar/neovim/0.5.1/share/nvim/runtime/plugin/tutor.vim
084.191  000.216  000.216: sourcing /usr/local/Cellar/neovim/0.5.1/share/nvim/runtime/plugin/zipPlugin.vim
087.282  002.675  002.675: sourcing /Users/melaneyzhu/.config/nvim/plugin/init.lua
096.302  007.292  007.292: sourcing /Users/melaneyzhu/.local/share/nvim/site/pack/packer/opt/nvim-lspconfig/plugin/lspconfig.vim
124.503  000.402  000.402: sourcing /Users/melaneyzhu/.local/share/nvim/site/pack/packer/opt/lspsaga.nvim/plugin/lspsaga.vim
127.978  000.172  000.172: sourcing /Users/melaneyzhu/.local/share/nvim/site/pack/packer/opt/vim-dadbod-completion/plugin/vim_dadbod_completion.vim
133.169  000.501  000.501: sourcing /Users/melaneyzhu/.local/share/nvim/site/pack/packer/opt/galaxyline.nvim/plugin/galaxyline.vim
138.307  000.072  000.072: sourcing /Users/melaneyzhu/.local/share/nvim/site/pack/packer/opt/vim-pandoc/ftdetect/pandoc.vim
138.412  000.026  000.026: sourcing /Users/melaneyzhu/.local/share/nvim/site/pack/packer/opt/vimtex/ftdetect/cls.vim
138.518  000.026  000.026: sourcing /Users/melaneyzhu/.local/share/nvim/site/pack/packer/opt/vimtex/ftdetect/tex.vim
138.617  000.025  000.025: sourcing /Users/melaneyzhu/.local/share/nvim/site/pack/packer/opt/vimtex/ftdetect/tikz.vim
138.738  000.026  000.026: sourcing /Users/melaneyzhu/.local/share/nvim/site/pack/packer/opt/ultisnips/ftdetect/snippets.vim
138.785  051.390  042.846: sourcing /Users/melaneyzhu/.config/nvim/plugin/packer_compiled.lua
139.447  007.873: loading plugins
140.142  000.030  000.030: sourcing /Users/melaneyzhu/.local/share/nvim/site/pack/packer/start/nightfox.nvim/plugin/nightfox.vim
141.394  000.792  000.792: sourcing /Users/melaneyzhu/.local/share/nvim/site/pack/packer/start/nvim-cmp/plugin/cmp.lua
141.734  000.054  000.054: sourcing /Users/melaneyzhu/.local/share/nvim/site/pack/packer/start/nvim-lspinstall/plugin/lspinstall.vim
142.142  000.039  000.039: sourcing /Users/melaneyzhu/.local/share/nvim/site/pack/packer/start/nvim-web-devicons/plugin/nvim-web-devicons.vim
142.658  000.042  000.042: sourcing /Users/melaneyzhu/.local/share/nvim/site/pack/packer/start/plenary.nvim/plugin/plenary.vim
143.357  002.953: loading packages
143.950  000.026  000.026: sourcing /Users/melaneyzhu/.local/share/nvim/site/pack/packer/opt/vim-dadbod-completion/after/plugin/vim_dadbod_completion.vim
145.323  000.763  000.763: sourcing /Users/melaneyzhu/.local/share/nvim/site/pack/packer/opt/cmp-nvim-lua/after/plugin/cmp_nvim_lua.lua
146.454  000.917  000.917: sourcing /Users/melaneyzhu/.local/share/nvim/site/pack/packer/opt/cmp-path/after/plugin/cmp_path.lua
147.625  000.954  000.954: sourcing /Users/melaneyzhu/.local/share/nvim/site/pack/packer/opt/cmp-buffer/after/plugin/cmp_buffer.lua
149.946  002.074  002.074: sourcing /Users/melaneyzhu/.local/share/nvim/site/pack/packer/opt/vim-dadbod-completion/after/plugin/vim_dadbod_completion.lua
151.080  000.855  000.855: sourcing /Users/melaneyzhu/.local/share/nvim/site/pack/packer/opt/cmp-calc/after/plugin/cmp_calc.lua
151.709  000.194  000.194: sourcing /Users/melaneyzhu/.local/share/nvim/site/pack/packer/start/cmp-nvim-lsp/after/plugin/cmp_nvim_lsp.lua
152.081  002.940: loading after plugins
152.106  000.025: inits 3
158.532  006.425: reading ShaDa
161.665  000.041  000.041: sourcing /Users/melaneyzhu/.local/share/nvim/site/pack/packer/opt/indent-blankline.nvim/autoload/indent_blankline.vim
162.501  002.884  002.843: sourcing /Users/melaneyzhu/.local/share/nvim/site/pack/packer/opt/indent-blankline.nvim/plugin/indent_blankline.vim
163.451  000.029  000.029: sourcing /Users/melaneyzhu/.local/share/nvim/site/pack/packer/opt/which-key.nvim/plugin/which-key.vim
166.917  005.473: opening buffers
167.848  000.266  000.266: sourcing /Users/melaneyzhu/.local/share/nvim/site/pack/packer/opt/dashboard-nvim/plugin/dashboard.vim
169.059  000.074  000.074: sourcing /Users/melaneyzhu/.local/share/nvim/site/pack/packer/opt/vim-matchup/autoload/matchup/unmatchit.vim
169.409  000.027  000.027: sourcing /usr/local/Cellar/neovim/0.5.1/share/nvim/runtime/plugin/matchparen.vim
169.918  000.303  000.303: sourcing /Users/melaneyzhu/.local/share/nvim/site/pack/packer/opt/vim-matchup/autoload/matchup.vim
170.189  000.139  000.139: sourcing /Users/melaneyzhu/.local/share/nvim/site/pack/packer/opt/vim-matchup/autoload/matchup/perf.vim
171.017  000.448  000.448: sourcing /Users/melaneyzhu/.local/share/nvim/site/pack/packer/opt/vim-matchup/autoload/matchup/loader.vim
171.936  000.671  000.671: sourcing /Users/melaneyzhu/.local/share/nvim/site/pack/packer/opt/vim-matchup/autoload/matchup/matchparen.vim
175.277  006.464  004.802: sourcing /Users/melaneyzhu/.local/share/nvim/site/pack/packer/opt/vim-matchup/plugin/matchup.vim
175.677  000.023  000.023: sourcing /Users/melaneyzhu/.local/share/nvim/site/pack/packer/opt/vim-matchup/after/plugin/matchit.vim
176.911  000.487  000.487: sourcing /usr/local/Cellar/neovim/0.5.1/share/nvim/runtime/scripts.vim
178.363  000.459  000.459: sourcing /Users/melaneyzhu/.local/share/nvim/site/pack/packer/opt/vim-surround/plugin/surround.vim
185.385  006.074  006.074: sourcing /Users/melaneyzhu/.local/share/nvim/site/pack/packer/opt/nvim-treesitter/plugin/nvim-treesitter.vim
186.045  000.055  000.055: sourcing /Users/melaneyzhu/.local/share/nvim/site/pack/packer/opt/nvim-treesitter/ftdetect/elixir.vim
186.174  000.043  000.043: sourcing /Users/melaneyzhu/.local/share/nvim/site/pack/packer/opt/nvim-treesitter/ftdetect/fish.vim
186.340  000.040  000.040: sourcing /Users/melaneyzhu/.local/share/nvim/site/pack/packer/opt/nvim-treesitter/ftdetect/gdresource.vim
186.453  000.032  000.032: sourcing /Users/melaneyzhu/.local/share/nvim/site/pack/packer/opt/nvim-treesitter/ftdetect/gdscript.vim
186.563  000.033  000.033: sourcing /Users/melaneyzhu/.local/share/nvim/site/pack/packer/opt/nvim-treesitter/ftdetect/gomod.vim
186.703  000.044  000.044: sourcing /Users/melaneyzhu/.local/share/nvim/site/pack/packer/opt/nvim-treesitter/ftdetect/graphql.vim
186.823  000.041  000.041: sourcing /Users/melaneyzhu/.local/share/nvim/site/pack/packer/opt/nvim-treesitter/ftdetect/hcl.vim
186.940  000.036  000.036: sourcing /Users/melaneyzhu/.local/share/nvim/site/pack/packer/opt/nvim-treesitter/ftdetect/heex.vim
187.143  000.057  000.057: sourcing /Users/melaneyzhu/.local/share/nvim/site/pack/packer/opt/nvim-treesitter/ftdetect/json5.vim
187.276  000.039  000.039: sourcing /Users/melaneyzhu/.local/share/nvim/site/pack/packer/opt/nvim-treesitter/ftdetect/julia.vim
187.404  000.044  000.044: sourcing /Users/melaneyzhu/.local/share/nvim/site/pack/packer/opt/nvim-treesitter/ftdetect/ledger.vim
187.522  000.036  000.036: sourcing /Users/melaneyzhu/.local/share/nvim/site/pack/packer/opt/nvim-treesitter/ftdetect/nix.vim
187.648  000.041  000.041: sourcing /Users/melaneyzhu/.local/share/nvim/site/pack/packer/opt/nvim-treesitter/ftdetect/ql.vim
187.778  000.048  000.048: sourcing /Users/melaneyzhu/.local/share/nvim/site/pack/packer/opt/nvim-treesitter/ftdetect/query.vim
187.897  000.040  000.040: sourcing /Users/melaneyzhu/.local/share/nvim/site/pack/packer/opt/nvim-treesitter/ftdetect/surface.vim
188.012  000.038  000.038: sourcing /Users/melaneyzhu/.local/share/nvim/site/pack/packer/opt/nvim-treesitter/ftdetect/teal.vim
188.128  000.038  000.038: sourcing /Users/melaneyzhu/.local/share/nvim/site/pack/packer/opt/nvim-treesitter/ftdetect/tlaplus.vim
188.246  000.041  000.041: sourcing /Users/melaneyzhu/.local/share/nvim/site/pack/packer/opt/nvim-treesitter/ftdetect/yang.vim
188.368  000.039  000.039: sourcing /Users/melaneyzhu/.local/share/nvim/site/pack/packer/opt/nvim-treesitter/ftdetect/zig.vim
190.576  000.055  000.055: sourcing /Users/melaneyzhu/.local/share/nvim/site/pack/packer/opt/wildfire.vim/autoload/wildfire/triggers.vim
190.845  000.580  000.524: sourcing /Users/melaneyzhu/.local/share/nvim/site/pack/packer/opt/wildfire.vim/plugin/wildfire.vim
194.155  000.541  000.541: sourcing /usr/local/Cellar/neovim/0.5.1/share/nvim/runtime/scripts.vim
194.949  000.178  000.178: sourcing /Users/melaneyzhu/.local/share/nvim/site/pack/packer/opt/dashboard-nvim/autoload/dashboard.vim
196.087  000.419  000.419: sourcing /usr/local/Cellar/neovim/0.5.1/share/nvim/runtime/scripts.vim
196.892  013.698: BufEnter autocommands
196.895  000.003: editing files in windows
