

times in msec
 clock   self+sourced   self:  sourced script
 clock   elapsed:              other lines

000.008  000.008: --- NVIM STARTING ---
000.976  000.968: locale set
009.952  008.976: inits 1
009.983  000.031: window checked
009.989  000.006: parsing arguments
010.252  000.263: expanding arguments
010.336  000.084: inits 2
010.782  000.446: init highlight
010.784  000.002: waiting for UI
013.225  002.441: done waiting for UI
013.249  000.024: init screen for UI
026.787  008.121  008.121: sourcing /Users/melaneyzhu/.local/share/nvim/site/pack/packer/start/nightfox.nvim/colors/nordfox.vim
060.742  047.038  038.917: sourcing /Users/melaneyzhu/.config/nvim/init.lua
060.766  000.479: sourcing vimrc file(s)
067.308  000.034  000.034: sourcing /Users/melaneyzhu/.local/share/nvim/site/pack/packer/start/nvim-treesitter/ftdetect/elixir.vim
067.404  000.026  000.026: sourcing /Users/melaneyzhu/.local/share/nvim/site/pack/packer/start/nvim-treesitter/ftdetect/fish.vim
067.495  000.023  000.023: sourcing /Users/melaneyzhu/.local/share/nvim/site/pack/packer/start/nvim-treesitter/ftdetect/gdresource.vim
067.578  000.017  000.017: sourcing /Users/melaneyzhu/.local/share/nvim/site/pack/packer/start/nvim-treesitter/ftdetect/gdscript.vim
067.663  000.020  000.020: sourcing /Users/melaneyzhu/.local/share/nvim/site/pack/packer/start/nvim-treesitter/ftdetect/gomod.vim
067.756  000.027  000.027: sourcing /Users/melaneyzhu/.local/share/nvim/site/pack/packer/start/nvim-treesitter/ftdetect/graphql.vim
067.848  000.027  000.027: sourcing /Users/melaneyzhu/.local/share/nvim/site/pack/packer/start/nvim-treesitter/ftdetect/hcl.vim
067.933  000.019  000.019: sourcing /Users/melaneyzhu/.local/share/nvim/site/pack/packer/start/nvim-treesitter/ftdetect/heex.vim
068.017  000.019  000.019: sourcing /Users/melaneyzhu/.local/share/nvim/site/pack/packer/start/nvim-treesitter/ftdetect/json5.vim
068.104  000.023  000.023: sourcing /Users/melaneyzhu/.local/share/nvim/site/pack/packer/start/nvim-treesitter/ftdetect/julia.vim
068.196  000.025  000.025: sourcing /Users/melaneyzhu/.local/share/nvim/site/pack/packer/start/nvim-treesitter/ftdetect/ledger.vim
068.287  000.023  000.023: sourcing /Users/melaneyzhu/.local/share/nvim/site/pack/packer/start/nvim-treesitter/ftdetect/nix.vim
068.380  000.025  000.025: sourcing /Users/melaneyzhu/.local/share/nvim/site/pack/packer/start/nvim-treesitter/ftdetect/ql.vim
068.478  000.033  000.033: sourcing /Users/melaneyzhu/.local/share/nvim/site/pack/packer/start/nvim-treesitter/ftdetect/query.vim
068.570  000.023  000.023: sourcing /Users/melaneyzhu/.local/share/nvim/site/pack/packer/start/nvim-treesitter/ftdetect/surface.vim
068.673  000.027  000.027: sourcing /Users/melaneyzhu/.local/share/nvim/site/pack/packer/start/nvim-treesitter/ftdetect/teal.vim
068.766  000.024  000.024: sourcing /Users/melaneyzhu/.local/share/nvim/site/pack/packer/start/nvim-treesitter/ftdetect/tlaplus.vim
068.859  000.026  000.026: sourcing /Users/melaneyzhu/.local/share/nvim/site/pack/packer/start/nvim-treesitter/ftdetect/yang.vim
068.953  000.027  000.027: sourcing /Users/melaneyzhu/.local/share/nvim/site/pack/packer/start/nvim-treesitter/ftdetect/zig.vim
069.795  008.888  008.419: sourcing /usr/local/Cellar/neovim/0.5.1_1/share/nvim/runtime/filetype.vim
070.505  000.057  000.057: sourcing /usr/local/Cellar/neovim/0.5.1_1/share/nvim/runtime/ftplugin.vim
071.272  000.093  000.093: sourcing /usr/local/Cellar/neovim/0.5.1_1/share/nvim/runtime/indent.vim
072.532  000.213  000.213: sourcing /usr/local/Cellar/neovim/0.5.1_1/share/nvim/runtime/syntax/syncolor.vim
073.170  001.018  000.805: sourcing /usr/local/Cellar/neovim/0.5.1_1/share/nvim/runtime/syntax/synload.vim
073.290  001.320  000.302: sourcing /usr/local/Cellar/neovim/0.5.1_1/share/nvim/runtime/syntax/syntax.vim
077.181  000.217  000.217: sourcing /usr/local/Cellar/neovim/0.5.1_1/share/nvim/runtime/plugin/gzip.vim
077.295  000.023  000.023: sourcing /usr/local/Cellar/neovim/0.5.1_1/share/nvim/runtime/plugin/health.vim
077.436  000.062  000.062: sourcing /usr/local/Cellar/neovim/0.5.1_1/share/nvim/runtime/plugin/man.vim
079.146  000.226  000.226: sourcing /usr/local/Cellar/neovim/0.5.1_1/share/nvim/runtime/pack/dist/opt/matchit/plugin/matchit.vim
079.389  001.829  001.603: sourcing /usr/local/Cellar/neovim/0.5.1_1/share/nvim/runtime/plugin/matchit.vim
079.640  000.167  000.167: sourcing /usr/local/Cellar/neovim/0.5.1_1/share/nvim/runtime/plugin/matchparen.vim
080.098  000.371  000.371: sourcing /usr/local/Cellar/neovim/0.5.1_1/share/nvim/runtime/plugin/netrwPlugin.vim
080.482  000.021  000.021: sourcing /Users/melaneyzhu/.local/share/nvim/rplugin.vim
080.492  000.290  000.270: sourcing /usr/local/Cellar/neovim/0.5.1_1/share/nvim/runtime/plugin/rplugin.vim
080.675  000.094  000.094: sourcing /usr/local/Cellar/neovim/0.5.1_1/share/nvim/runtime/plugin/shada.vim
080.804  000.036  000.036: sourcing /usr/local/Cellar/neovim/0.5.1_1/share/nvim/runtime/plugin/spellfile.vim
081.027  000.128  000.128: sourcing /usr/local/Cellar/neovim/0.5.1_1/share/nvim/runtime/plugin/tarPlugin.vim
081.295  000.178  000.178: sourcing /usr/local/Cellar/neovim/0.5.1_1/share/nvim/runtime/plugin/tohtml.vim
081.425  000.039  000.039: sourcing /usr/local/Cellar/neovim/0.5.1_1/share/nvim/runtime/plugin/tutor.vim
081.678  000.165  000.165: sourcing /usr/local/Cellar/neovim/0.5.1_1/share/nvim/runtime/plugin/zipPlugin.vim
084.558  002.500  002.500: sourcing /Users/melaneyzhu/.config/nvim/plugin/init.lua
095.377  008.532  008.532: sourcing /Users/melaneyzhu/.local/share/nvim/site/pack/packer/opt/nvim-lspconfig/plugin/lspconfig.vim
129.202  000.359  000.359: sourcing /Users/melaneyzhu/.local/share/nvim/site/pack/packer/opt/galaxyline.nvim/plugin/galaxyline.vim
130.857  000.040  000.040: sourcing /Users/melaneyzhu/.local/share/nvim/site/pack/packer/opt/ultisnips/ftdetect/snippets.vim
131.050  000.084  000.084: sourcing /Users/melaneyzhu/.local/share/nvim/site/pack/packer/opt/vim-pandoc/ftdetect/pandoc.vim
131.195  000.051  000.051: sourcing /Users/melaneyzhu/.local/share/nvim/site/pack/packer/opt/vimtex/ftdetect/cls.vim
131.315  000.034  000.034: sourcing /Users/melaneyzhu/.local/share/nvim/site/pack/packer/opt/vimtex/ftdetect/tex.vim
131.431  000.033  000.033: sourcing /Users/melaneyzhu/.local/share/nvim/site/pack/packer/opt/vimtex/ftdetect/tikz.vim
131.439  046.789  037.657: sourcing /Users/melaneyzhu/.config/nvim/plugin/packer_compiled.lua
132.153  008.139: loading plugins
132.973  000.037  000.037: sourcing /Users/melaneyzhu/.local/share/nvim/site/pack/packer/start/nightfox.nvim/plugin/nightfox.vim
134.114  000.641  000.641: sourcing /Users/melaneyzhu/.local/share/nvim/site/pack/packer/start/nvim-cmp/plugin/cmp.lua
134.476  000.060  000.060: sourcing /Users/melaneyzhu/.local/share/nvim/site/pack/packer/start/nvim-lspinstall/plugin/lspinstall.vim
135.638  000.719  000.719: sourcing /Users/melaneyzhu/.local/share/nvim/site/pack/packer/start/nvim-treesitter/plugin/nvim-treesitter.vim
136.238  000.053  000.053: sourcing /Users/melaneyzhu/.local/share/nvim/site/pack/packer/start/nvim-treesitter/ftdetect/elixir.vim
136.335  000.030  000.030: sourcing /Users/melaneyzhu/.local/share/nvim/site/pack/packer/start/nvim-treesitter/ftdetect/fish.vim
136.431  000.030  000.030: sourcing /Users/melaneyzhu/.local/share/nvim/site/pack/packer/start/nvim-treesitter/ftdetect/gdresource.vim
136.520  000.024  000.024: sourcing /Users/melaneyzhu/.local/share/nvim/site/pack/packer/start/nvim-treesitter/ftdetect/gdscript.vim
136.607  000.024  000.024: sourcing /Users/melaneyzhu/.local/share/nvim/site/pack/packer/start/nvim-treesitter/ftdetect/gomod.vim
136.700  000.029  000.029: sourcing /Users/melaneyzhu/.local/share/nvim/site/pack/packer/start/nvim-treesitter/ftdetect/graphql.vim
136.794  000.030  000.030: sourcing /Users/melaneyzhu/.local/share/nvim/site/pack/packer/start/nvim-treesitter/ftdetect/hcl.vim
136.881  000.022  000.022: sourcing /Users/melaneyzhu/.local/share/nvim/site/pack/packer/start/nvim-treesitter/ftdetect/heex.vim
136.965  000.022  000.022: sourcing /Users/melaneyzhu/.local/share/nvim/site/pack/packer/start/nvim-treesitter/ftdetect/json5.vim
137.052  000.023  000.023: sourcing /Users/melaneyzhu/.local/share/nvim/site/pack/packer/start/nvim-treesitter/ftdetect/julia.vim
137.173  000.025  000.025: sourcing /Users/melaneyzhu/.local/share/nvim/site/pack/packer/start/nvim-treesitter/ftdetect/ledger.vim
137.271  000.022  000.022: sourcing /Users/melaneyzhu/.local/share/nvim/site/pack/packer/start/nvim-treesitter/ftdetect/nix.vim
137.357  000.023  000.023: sourcing /Users/melaneyzhu/.local/share/nvim/site/pack/packer/start/nvim-treesitter/ftdetect/ql.vim
137.450  000.030  000.030: sourcing /Users/melaneyzhu/.local/share/nvim/site/pack/packer/start/nvim-treesitter/ftdetect/query.vim
137.532  000.018  000.018: sourcing /Users/melaneyzhu/.local/share/nvim/site/pack/packer/start/nvim-treesitter/ftdetect/surface.vim
137.611  000.017  000.017: sourcing /Users/melaneyzhu/.local/share/nvim/site/pack/packer/start/nvim-treesitter/ftdetect/teal.vim
137.692  000.019  000.019: sourcing /Users/melaneyzhu/.local/share/nvim/site/pack/packer/start/nvim-treesitter/ftdetect/tlaplus.vim
137.770  000.017  000.017: sourcing /Users/melaneyzhu/.local/share/nvim/site/pack/packer/start/nvim-treesitter/ftdetect/yang.vim
137.848  000.016  000.016: sourcing /Users/melaneyzhu/.local/share/nvim/site/pack/packer/start/nvim-treesitter/ftdetect/zig.vim
138.242  000.043  000.043: sourcing /Users/melaneyzhu/.local/share/nvim/site/pack/packer/start/nvim-web-devicons/plugin/nvim-web-devicons.vim
138.738  000.049  000.049: sourcing /Users/melaneyzhu/.local/share/nvim/site/pack/packer/start/plenary.nvim/plugin/plenary.vim
139.247  005.071: loading packages
139.876  000.077  000.077: sourcing /Users/melaneyzhu/.local/share/nvim/site/pack/packer/start/cmp-nvim-lsp/after/plugin/cmp_nvim_lsp.lua
140.078  000.753: loading after plugins
140.090  000.012: inits 3
142.627  002.536: reading ShaDa
143.721  000.033  000.033: sourcing /Users/melaneyzhu/.local/share/nvim/site/pack/packer/opt/indent-blankline.nvim/autoload/indent_blankline.vim
144.135  000.867  000.833: sourcing /Users/melaneyzhu/.local/share/nvim/site/pack/packer/opt/indent-blankline.nvim/plugin/indent_blankline.vim
144.853  000.030  000.030: sourcing /Users/melaneyzhu/.local/share/nvim/site/pack/packer/opt/which-key.nvim/plugin/which-key.vim
146.852  003.329: opening buffers
147.611  000.055  000.055: sourcing /Users/melaneyzhu/.local/share/nvim/site/pack/packer/opt/vim-matchup/autoload/matchup/unmatchit.vim
147.864  000.021  000.021: sourcing /usr/local/Cellar/neovim/0.5.1_1/share/nvim/runtime/plugin/matchparen.vim
148.241  000.226  000.226: sourcing /Users/melaneyzhu/.local/share/nvim/site/pack/packer/opt/vim-matchup/autoload/matchup.vim
148.447  000.101  000.101: sourcing /Users/melaneyzhu/.local/share/nvim/site/pack/packer/opt/vim-matchup/autoload/matchup/perf.vim
149.069  000.328  000.328: sourcing /Users/melaneyzhu/.local/share/nvim/site/pack/packer/opt/vim-matchup/autoload/matchup/loader.vim
149.725  000.483  000.483: sourcing /Users/melaneyzhu/.local/share/nvim/site/pack/packer/opt/vim-matchup/autoload/matchup/matchparen.vim
150.572  003.155  001.941: sourcing /Users/melaneyzhu/.local/share/nvim/site/pack/packer/opt/vim-matchup/plugin/matchup.vim
150.970  000.023  000.023: sourcing /Users/melaneyzhu/.local/share/nvim/site/pack/packer/opt/vim-matchup/after/plugin/matchit.vim
151.615  000.180  000.180: sourcing /Users/melaneyzhu/.local/share/nvim/site/pack/packer/opt/dashboard-nvim/plugin/dashboard.vim
152.995  000.409  000.409: sourcing /usr/local/Cellar/neovim/0.5.1_1/share/nvim/runtime/scripts.vim
154.959  000.369  000.369: sourcing /Users/melaneyzhu/.local/share/nvim/site/pack/packer/opt/vim-surround/plugin/surround.vim
156.161  000.375  000.375: sourcing /usr/local/Cellar/neovim/0.5.1_1/share/nvim/runtime/scripts.vim
156.880  000.136  000.136: sourcing /Users/melaneyzhu/.local/share/nvim/site/pack/packer/opt/dashboard-nvim/autoload/dashboard.vim
157.114  005.614: BufEnter autocommands
157.117  000.003: editing files in windows
