

times in msec
 clock   self+sourced   self:  sourced script
 clock   elapsed:              other lines

000.009  000.009: --- NVIM STARTING ---
001.733  001.725: locale set
011.112  009.378: inits 1
011.145  000.033: window checked
011.151  000.007: parsing arguments
011.439  000.288: expanding arguments
011.514  000.075: inits 2
011.957  000.443: init highlight
011.959  000.002: waiting for UI
014.232  002.272: done waiting for UI
014.253  000.021: init screen for UI
028.209  009.115  009.115: sourcing /Users/melaneyzhu/.local/share/nvim/site/pack/packer/start/nightfox.nvim/colors/nordfox.vim
061.953  047.293  038.178: sourcing /Users/melaneyzhu/.config/nvim/init.lua
061.979  000.433: sourcing vimrc file(s)
068.525  006.404  006.404: sourcing /usr/local/Cellar/neovim/0.5.1_1/share/nvim/runtime/filetype.vim
069.109  000.066  000.066: sourcing /usr/local/Cellar/neovim/0.5.1_1/share/nvim/runtime/ftplugin.vim
069.669  000.042  000.042: sourcing /usr/local/Cellar/neovim/0.5.1_1/share/nvim/runtime/indent.vim
070.727  000.185  000.185: sourcing /usr/local/Cellar/neovim/0.5.1_1/share/nvim/runtime/syntax/syncolor.vim
071.253  000.858  000.673: sourcing /usr/local/Cellar/neovim/0.5.1_1/share/nvim/runtime/syntax/synload.vim
071.356  001.111  000.253: sourcing /usr/local/Cellar/neovim/0.5.1_1/share/nvim/runtime/syntax/syntax.vim
075.715  000.224  000.224: sourcing /usr/local/Cellar/neovim/0.5.1_1/share/nvim/runtime/plugin/gzip.vim
075.835  000.025  000.025: sourcing /usr/local/Cellar/neovim/0.5.1_1/share/nvim/runtime/plugin/health.vim
075.977  000.063  000.063: sourcing /usr/local/Cellar/neovim/0.5.1_1/share/nvim/runtime/plugin/man.vim
077.698  000.209  000.209: sourcing /usr/local/Cellar/neovim/0.5.1_1/share/nvim/runtime/pack/dist/opt/matchit/plugin/matchit.vim
077.941  001.884  001.675: sourcing /usr/local/Cellar/neovim/0.5.1_1/share/nvim/runtime/plugin/matchit.vim
078.194  000.169  000.169: sourcing /usr/local/Cellar/neovim/0.5.1_1/share/nvim/runtime/plugin/matchparen.vim
078.661  000.379  000.379: sourcing /usr/local/Cellar/neovim/0.5.1_1/share/nvim/runtime/plugin/netrwPlugin.vim
079.047  000.017  000.017: sourcing /Users/melaneyzhu/.local/share/nvim/rplugin.vim
079.056  000.293  000.276: sourcing /usr/local/Cellar/neovim/0.5.1_1/share/nvim/runtime/plugin/rplugin.vim
079.241  000.093  000.093: sourcing /usr/local/Cellar/neovim/0.5.1_1/share/nvim/runtime/plugin/shada.vim
079.378  000.038  000.038: sourcing /usr/local/Cellar/neovim/0.5.1_1/share/nvim/runtime/plugin/spellfile.vim
079.611  000.136  000.136: sourcing /usr/local/Cellar/neovim/0.5.1_1/share/nvim/runtime/plugin/tarPlugin.vim
079.806  000.098  000.098: sourcing /usr/local/Cellar/neovim/0.5.1_1/share/nvim/runtime/plugin/tohtml.vim
079.934  000.033  000.033: sourcing /usr/local/Cellar/neovim/0.5.1_1/share/nvim/runtime/plugin/tutor.vim
080.200  000.174  000.174: sourcing /usr/local/Cellar/neovim/0.5.1_1/share/nvim/runtime/plugin/zipPlugin.vim
083.266  002.604  002.604: sourcing /Users/melaneyzhu/.config/nvim/plugin/init.lua
095.077  009.090  009.090: sourcing /Users/melaneyzhu/.local/share/nvim/site/pack/packer/opt/nvim-lspconfig/plugin/lspconfig.vim
130.628  000.262  000.262: sourcing /Users/melaneyzhu/.local/share/nvim/site/pack/packer/opt/galaxyline.nvim/plugin/galaxyline.vim
132.239  000.033  000.033: sourcing /Users/melaneyzhu/.local/share/nvim/site/pack/packer/opt/vimtex/ftdetect/cls.vim
132.339  000.023  000.023: sourcing /Users/melaneyzhu/.local/share/nvim/site/pack/packer/opt/vimtex/ftdetect/tex.vim
132.431  000.022  000.022: sourcing /Users/melaneyzhu/.local/share/nvim/site/pack/packer/opt/vimtex/ftdetect/tikz.vim
132.566  000.064  000.064: sourcing /Users/melaneyzhu/.local/share/nvim/site/pack/packer/opt/vim-pandoc/ftdetect/pandoc.vim
132.667  000.023  000.023: sourcing /Users/melaneyzhu/.local/share/nvim/site/pack/packer/opt/ultisnips/ftdetect/snippets.vim
132.674  049.245  039.727: sourcing /Users/melaneyzhu/.config/nvim/plugin/packer_compiled.lua
133.455  008.395: loading plugins
134.544  000.031  000.031: sourcing /Users/melaneyzhu/.local/share/nvim/site/pack/packer/start/nightfox.nvim/plugin/nightfox.vim
135.779  000.672  000.672: sourcing /Users/melaneyzhu/.local/share/nvim/site/pack/packer/start/nvim-cmp/plugin/cmp.lua
136.334  000.063  000.063: sourcing /Users/melaneyzhu/.local/share/nvim/site/pack/packer/start/nvim-lspinstall/plugin/lspinstall.vim
136.760  000.041  000.041: sourcing /Users/melaneyzhu/.local/share/nvim/site/pack/packer/start/nvim-web-devicons/plugin/nvim-web-devicons.vim
137.240  000.040  000.040: sourcing /Users/melaneyzhu/.local/share/nvim/site/pack/packer/start/plenary.nvim/plugin/plenary.vim
137.896  003.595: loading packages
138.738  000.104  000.104: sourcing /Users/melaneyzhu/.local/share/nvim/site/pack/packer/start/cmp-nvim-lsp/after/plugin/cmp_nvim_lsp.lua
138.944  000.944: loading after plugins
138.959  000.015: inits 3
142.930  003.971: reading ShaDa
144.469  000.032  000.032: sourcing /Users/melaneyzhu/.local/share/nvim/site/pack/packer/opt/indent-blankline.nvim/autoload/indent_blankline.vim
144.980  001.161  001.128: sourcing /Users/melaneyzhu/.local/share/nvim/site/pack/packer/opt/indent-blankline.nvim/plugin/indent_blankline.vim
145.933  000.029  000.029: sourcing /Users/melaneyzhu/.local/share/nvim/site/pack/packer/opt/which-key.nvim/plugin/which-key.vim
147.690  003.569: opening buffers
148.778  000.062  000.062: sourcing /Users/melaneyzhu/.local/share/nvim/site/pack/packer/opt/vim-matchup/autoload/matchup/unmatchit.vim
149.134  000.025  000.025: sourcing /usr/local/Cellar/neovim/0.5.1_1/share/nvim/runtime/plugin/matchparen.vim
149.622  000.235  000.235: sourcing /Users/melaneyzhu/.local/share/nvim/site/pack/packer/opt/vim-matchup/autoload/matchup.vim
149.855  000.112  000.112: sourcing /Users/melaneyzhu/.local/share/nvim/site/pack/packer/opt/vim-matchup/autoload/matchup/perf.vim
150.515  000.347  000.347: sourcing /Users/melaneyzhu/.local/share/nvim/site/pack/packer/opt/vim-matchup/autoload/matchup/loader.vim
151.230  000.518  000.518: sourcing /Users/melaneyzhu/.local/share/nvim/site/pack/packer/opt/vim-matchup/autoload/matchup/matchparen.vim
152.992  004.607  003.307: sourcing /Users/melaneyzhu/.local/share/nvim/site/pack/packer/opt/vim-matchup/plugin/matchup.vim
153.380  000.021  000.021: sourcing /Users/melaneyzhu/.local/share/nvim/site/pack/packer/opt/vim-matchup/after/plugin/matchit.vim
154.560  000.437  000.437: sourcing /usr/local/Cellar/neovim/0.5.1_1/share/nvim/runtime/scripts.vim
155.877  000.370  000.370: sourcing /Users/melaneyzhu/.local/share/nvim/site/pack/packer/opt/vim-surround/plugin/surround.vim
160.112  000.824  000.824: sourcing /Users/melaneyzhu/.local/share/nvim/site/pack/packer/opt/nvim-treesitter/plugin/nvim-treesitter.vim
160.780  000.049  000.049: sourcing /Users/melaneyzhu/.local/share/nvim/site/pack/packer/opt/nvim-treesitter/ftdetect/elixir.vim
160.884  000.032  000.032: sourcing /Users/melaneyzhu/.local/share/nvim/site/pack/packer/opt/nvim-treesitter/ftdetect/fish.vim
160.980  000.028  000.028: sourcing /Users/melaneyzhu/.local/share/nvim/site/pack/packer/opt/nvim-treesitter/ftdetect/gdresource.vim
161.077  000.025  000.025: sourcing /Users/melaneyzhu/.local/share/nvim/site/pack/packer/opt/nvim-treesitter/ftdetect/gdscript.vim
161.172  000.027  000.027: sourcing /Users/melaneyzhu/.local/share/nvim/site/pack/packer/opt/nvim-treesitter/ftdetect/gomod.vim
161.290  000.051  000.051: sourcing /Users/melaneyzhu/.local/share/nvim/site/pack/packer/opt/nvim-treesitter/ftdetect/graphql.vim
161.393  000.032  000.032: sourcing /Users/melaneyzhu/.local/share/nvim/site/pack/packer/opt/nvim-treesitter/ftdetect/hcl.vim
161.491  000.030  000.030: sourcing /Users/melaneyzhu/.local/share/nvim/site/pack/packer/opt/nvim-treesitter/ftdetect/heex.vim
161.589  000.028  000.028: sourcing /Users/melaneyzhu/.local/share/nvim/site/pack/packer/opt/nvim-treesitter/ftdetect/json5.vim
161.689  000.032  000.032: sourcing /Users/melaneyzhu/.local/share/nvim/site/pack/packer/opt/nvim-treesitter/ftdetect/julia.vim
161.817  000.044  000.044: sourcing /Users/melaneyzhu/.local/share/nvim/site/pack/packer/opt/nvim-treesitter/ftdetect/ledger.vim
162.080  000.064  000.064: sourcing /Users/melaneyzhu/.local/share/nvim/site/pack/packer/opt/nvim-treesitter/ftdetect/nix.vim
162.334  000.126  000.126: sourcing /Users/melaneyzhu/.local/share/nvim/site/pack/packer/opt/nvim-treesitter/ftdetect/ql.vim
162.631  000.056  000.056: sourcing /Users/melaneyzhu/.local/share/nvim/site/pack/packer/opt/nvim-treesitter/ftdetect/query.vim
162.869  000.067  000.067: sourcing /Users/melaneyzhu/.local/share/nvim/site/pack/packer/opt/nvim-treesitter/ftdetect/surface.vim
163.069  000.060  000.060: sourcing /Users/melaneyzhu/.local/share/nvim/site/pack/packer/opt/nvim-treesitter/ftdetect/teal.vim
163.261  000.058  000.058: sourcing /Users/melaneyzhu/.local/share/nvim/site/pack/packer/opt/nvim-treesitter/ftdetect/tlaplus.vim
163.479  000.069  000.069: sourcing /Users/melaneyzhu/.local/share/nvim/site/pack/packer/opt/nvim-treesitter/ftdetect/yang.vim
163.657  000.067  000.067: sourcing /Users/melaneyzhu/.local/share/nvim/site/pack/packer/opt/nvim-treesitter/ftdetect/zig.vim
166.036  000.513  000.513: sourcing /usr/local/Cellar/neovim/0.5.1_1/share/nvim/runtime/scripts.vim
168.014  000.485  000.485: sourcing /usr/local/Cellar/neovim/0.5.1_1/share/nvim/runtime/scripts.vim
168.944  013.054: BufEnter autocommands
168.949  000.004: editing files in windows
